<?xml version="1.0" encoding="UTF-8"?>
<testsuite xmlns:xsi="http://www.w3.org/2001/XMLSchema-instance" xsi:noNamespaceSchemaLocation="https://maven.apache.org/surefire/maven-surefire-plugin/xsd/surefire-test-report.xsd" version="3.0.2" name="com.fiap.Java_GlobalSolution.JavaGlobalSolutionApplicationTests" time="18.068" tests="1" errors="0" skipped="0" failures="0">
  <properties>
[...]
</properties>
  <testcase name="contextLoads" classname="com.fiap.Java_GlobalSolution.JavaGlobalSolutionApplicationTests" time="0.994">
    <system-out><![CDATA[22:21:39.437 [main] INFO org.springframework.test.context.support.AnnotationConfigContextLoaderUtils -- Could not detect default configuration classes for test class [com.fiap.Java_GlobalSolution.JavaGlobalSolutionApplicationTests]: JavaGlobalSolutionApplicationTests does not declare any static, non-private, non-final, nested classes annotated with @Configuration.
22:21:39.654 [main] INFO org.springframework.boot.test.context.SpringBootTestContextBootstrapper -- Found @SpringBootConfiguration com.fiap.Java_GlobalSolution.JavaGlobalSolutionApplication for test class com.fiap.Java_GlobalSolution.JavaGlobalSolutionApplicationTests
22:21:40.168 [main] INFO org.springframework.boot.devtools.restart.RestartApplicationListener -- Restart disabled due to context in which it is running

  .   ____          _            __ _ _
 /\\ / ___'_ __ _ _(_)_ __  __ _ \ \ \ \
( ( )\___ | '_ | '_| | '_ \/ _` | \ \ \ \
 \\/  ___)| |_)| | | | | || (_| |  ) ) ) )
  '  |____| .__|_| |_|_| |_\__, | / / / /
 =========|_|==============|___/=/_/_/_/

 :: Spring Boot ::                (v3.5.0)

2025-05-29T22:21:40.656-03:00  INFO 4916 --- [Java-GlobalSolution] [           main] c.f.J.JavaGlobalSolutionApplicationTests : Starting JavaGlobalSolutionApplicationTests using Java 21.0.4 with PID 4916 (started by Lucccas Silva in C:\Users\Lucccas Silva\OneDrive\Área de Trabalho\Programas\Fiap_GlobalSolution_Java)
2025-05-29T22:21:40.661-03:00  INFO 4916 --- [Java-GlobalSolution] [           main] c.f.J.JavaGlobalSolutionApplicationTests : No active profile set, falling back to 1 default profile: "default"
2025-05-29T22:21:43.001-03:00  INFO 4916 --- [Java-GlobalSolution] [           main] .s.d.r.c.RepositoryConfigurationDelegate : Bootstrapping Spring Data JPA repositories in DEFAULT mode.
2025-05-29T22:21:43.279-03:00  INFO 4916 --- [Java-GlobalSolution] [           main] .s.d.r.c.RepositoryConfigurationDelegate : Finished Spring Data repository scanning in 255 ms. Found 5 JPA repository interfaces.
2025-05-29T22:21:44.231-03:00  INFO 4916 --- [Java-GlobalSolution] [           main] com.zaxxer.hikari.HikariDataSource       : HikariPool-1 - Starting...
2025-05-29T22:21:44.820-03:00  INFO 4916 --- [Java-GlobalSolution] [           main] com.zaxxer.hikari.pool.HikariPool        : HikariPool-1 - Added connection conn0: url=jdbc:h2:mem:testdb user=SA
2025-05-29T22:21:44.823-03:00  INFO 4916 --- [Java-GlobalSolution] [           main] com.zaxxer.hikari.HikariDataSource       : HikariPool-1 - Start completed.
2025-05-29T22:21:44.913-03:00  INFO 4916 --- [Java-GlobalSolution] [           main] o.hibernate.jpa.internal.util.LogHelper  : HHH000204: Processing PersistenceUnitInfo [name: default]
2025-05-29T22:21:45.051-03:00  INFO 4916 --- [Java-GlobalSolution] [           main] org.hibernate.Version                    : HHH000412: Hibernate ORM core version 6.6.15.Final
2025-05-29T22:21:45.143-03:00  INFO 4916 --- [Java-GlobalSolution] [           main] o.h.c.internal.RegionFactoryInitiator    : HHH000026: Second-level cache disabled
2025-05-29T22:21:45.718-03:00  INFO 4916 --- [Java-GlobalSolution] [           main] o.s.o.j.p.SpringPersistenceUnitInfo      : No LoadTimeWeaver setup: ignoring JPA class transformer
2025-05-29T22:21:45.883-03:00  INFO 4916 --- [Java-GlobalSolution] [           main] org.hibernate.orm.connections.pooling    : HHH10001005: Database info:
	Database JDBC URL [Connecting through datasource 'HikariDataSource (HikariPool-1)']
	Database driver: undefined/unknown
	Database version: 2.3.232
	Autocommit mode: undefined/unknown
	Isolation level: undefined/unknown
	Minimum pool size: undefined/unknown
	Maximum pool size: undefined/unknown
2025-05-29T22:21:47.566-03:00  INFO 4916 --- [Java-GlobalSolution] [           main] o.h.e.t.j.p.i.JtaPlatformInitiator       : HHH000489: No JTA platform available (set 'hibernate.transaction.jta.platform' to enable JTA platform integration)
2025-05-29T22:21:47.654-03:00  INFO 4916 --- [Java-GlobalSolution] [           main] j.LocalContainerEntityManagerFactoryBean : Initialized JPA EntityManagerFactory for persistence unit 'default'
2025-05-29T22:21:50.783-03:00  WARN 4916 --- [Java-GlobalSolution] [           main] JpaBaseConfiguration$JpaWebConfiguration : spring.jpa.open-in-view is enabled by default. Therefore, database queries may be performed during view rendering. Explicitly configure spring.jpa.open-in-view to disable this warning
2025-05-29T22:21:51.090-03:00  INFO 4916 --- [Java-GlobalSolution] [           main] o.s.b.a.w.s.WelcomePageHandlerMapping    : Adding welcome page template: index
2025-05-29T22:21:54.837-03:00  INFO 4916 --- [Java-GlobalSolution] [           main] c.r.stream.impl.StreamEnvironment        : Connecting to localhost with guest user, assuming development environment
2025-05-29T22:21:54.837-03:00  INFO 4916 --- [Java-GlobalSolution] [           main] c.r.stream.impl.StreamEnvironment        : Using address resolver to always connect to localhost
2025-05-29T22:21:55.384-03:00  WARN 4916 --- [Java-GlobalSolution] [           main] .s.s.UserDetailsServiceAutoConfiguration : 

Using generated security password: 21378d1a-9b5e-4e69-9f20-b42411f47d6f

This generated password is for development use only. Your security configuration must be updated before running your application in production.

2025-05-29T22:21:55.401-03:00  INFO 4916 --- [Java-GlobalSolution] [           main] r$InitializeUserDetailsManagerConfigurer : Global AuthenticationManager configured with UserDetailsService bean with name inMemoryUserDetailsManager
2025-05-29T22:21:55.640-03:00  INFO 4916 --- [Java-GlobalSolution] [           main] o.s.b.a.e.web.EndpointLinksResolver      : Exposing 1 endpoint beneath base path '/actuator'
2025-05-29T22:21:55.832-03:00  INFO 4916 --- [Java-GlobalSolution] [           main] o.s.b.a.h2.H2ConsoleAutoConfiguration    : H2 console available at '/h2-console'. Database available at 'jdbc:h2:mem:testdb'
2025-05-29T22:21:56.092-03:00  INFO 4916 --- [Java-GlobalSolution] [           main] c.f.J.JavaGlobalSolutionApplicationTests : Started JavaGlobalSolutionApplicationTests in 15.942 seconds (process running for 17.894)
Sensor inicial salvo!
]]></system-out>
    <system-err><![CDATA[Mockito is currently self-attaching to enable the inline-mock-maker. This will no longer work in future releases of the JDK. Please add Mockito as an agent to your build as described in Mockito's documentation: https://javadoc.io/doc/org.mockito/mockito-core/latest/org.mockito/org/mockito/Mockito.html#0.3
WARNING: A Java agent has been loaded dynamically (C:\Users\Lucccas Silva\.m2\repository\net\bytebuddy\byte-buddy-agent\1.17.5\byte-buddy-agent-1.17.5.jar)
WARNING: If a serviceability tool is in use, please run with -XX:+EnableDynamicAgentLoading to hide this warning
WARNING: If a serviceability tool is not in use, please run with -Djdk.instrument.traceUsage for more information
WARNING: Dynamic loading of agents will be disallowed by default in a future release
]]></system-err>
  </testcase>
</testsuite>